<?xml version="1.0" encoding="UTF-8"?>
<!-- Generated by org.testng.reporters.JUnitReportReporter -->
<testsuite skipped="0" hostname="CHALAMA" name="com.qa.TestCases.ProfileTest" tests="1" failures="0" timestamp="2021-02-15T19:07:59 IST" time="15.347" errors="0">
  <testcase name="Profile" time="15.347" classname="com.qa.TestCases.ProfileTest"/>
</testsuite> <!-- com.qa.TestCases.ProfileTest -->
