<?xml version="1.0" encoding="UTF-8"?>
<!-- Generated by org.testng.reporters.JUnitReportReporter -->
<testsuite skipped="0" hostname="CHALAMA" name="com.qa.TestCases.ListingsTest" tests="1" failures="0" timestamp="2021-02-14T22:25:08 IST" time="13.980" errors="0">
  <testcase name="List" time="13.980" classname="com.qa.TestCases.ListingsTest"/>
</testsuite> <!-- com.qa.TestCases.ListingsTest -->
