<?xml version="1.0" encoding="UTF-8"?>
<!-- Generated by org.testng.reporters.JUnitReportReporter -->
<testsuite skipped="0" hostname="CHALAMA" name="com.qa.TestCases.DeleteListingTest" tests="2" failures="0" timestamp="2021-02-16T15:08:54 IST" time="55.067" errors="0">
  <testcase name="LoginWithListUser" time="21.463" classname="com.qa.TestCases.DeleteListingTest"/>
  <testcase name="DeleteList" time="33.604" classname="com.qa.TestCases.DeleteListingTest"/>
</testsuite> <!-- com.qa.TestCases.DeleteListingTest -->
