<?xml version="1.0" encoding="UTF-8"?>
<!-- Generated by org.testng.reporters.JUnitReportReporter -->
<testsuite skipped="0" hostname="CHALAMA" name="com.qa.TestCases.CreateListingTest" tests="3" failures="0" timestamp="2021-02-16T16:51:55 IST" time="101.267" errors="0">
  <testcase name="LoginWithRegisterUSer" time="24.201" classname="com.qa.TestCases.CreateListingTest"/>
  <testcase name="NavtigateCreateListing" time="5.024" classname="com.qa.TestCases.CreateListingTest"/>
  <testcase name="CreateList" time="72.042" classname="com.qa.TestCases.CreateListingTest"/>
</testsuite> <!-- com.qa.TestCases.CreateListingTest -->
