<?xml version="1.0" encoding="UTF-8"?>
<!-- Generated by org.testng.reporters.JUnitReportReporter -->
<testsuite skipped="0" hostname="CHALAMA" name="com.qa.TestCases.Contract_OrdersTest" tests="2" failures="0" timestamp="2021-02-17T16:11:36 IST" time="42.101" errors="0">
  <testcase name="LoginWithBuyer" time="21.619" classname="com.qa.TestCases.Contract_OrdersTest"/>
  <testcase name="BuyerProccedToPayment" time="20.482" classname="com.qa.TestCases.Contract_OrdersTest"/>
</testsuite> <!-- com.qa.TestCases.Contract_OrdersTest -->
