<?xml version="1.0" encoding="UTF-8"?>
<!-- Generated by org.testng.reporters.JUnitReportReporter -->
<testsuite skipped="0" hostname="CHALAMA" name="com.qa.TestCases.SellersDashboardTest" tests="1" failures="0" timestamp="2021-02-14T22:11:42 IST" time="25.906" errors="0">
  <testcase name="SellerDashboard" time="25.906" classname="com.qa.TestCases.SellersDashboardTest"/>
</testsuite> <!-- com.qa.TestCases.SellersDashboardTest -->
