<?xml version="1.0" encoding="UTF-8"?>
<!-- Generated by org.testng.reporters.JUnitReportReporter -->
<testsuite skipped="0" hostname="CHALAMA" name="com.qa.TestCases.BuyersDashboardTest" tests="1" failures="0" timestamp="2021-02-14T22:17:32 IST" time="16.978" errors="0">
  <testcase name="BuyerDashboard" time="16.978" classname="com.qa.TestCases.BuyersDashboardTest"/>
</testsuite> <!-- com.qa.TestCases.BuyersDashboardTest -->
