<?xml version="1.0" encoding="UTF-8"?>
<!-- Generated by org.testng.reporters.JUnitReportReporter -->
<testsuite skipped="0" hostname="CHALAMA" name="com.qa.TestCases.ManualLoginTest" tests="9" failures="0" timestamp="2021-02-15T22:06:10 IST" time="65.201" errors="0">
  <testcase name="LoginWithBlank" time="17.299" classname="com.qa.TestCases.ManualLoginTest"/>
  <testcase name="LoginWithInvalidData" time="5.431" classname="com.qa.TestCases.ManualLoginTest"/>
  <testcase name="LoginWithInvalidData" time="4.582" classname="com.qa.TestCases.ManualLoginTest"/>
  <testcase name="LoginWithInvalidData" time="4.893" classname="com.qa.TestCases.ManualLoginTest"/>
  <testcase name="LoginWithInvalidData" time="5.795" classname="com.qa.TestCases.ManualLoginTest"/>
  <testcase name="LoginWithInvalidData" time="4.999" classname="com.qa.TestCases.ManualLoginTest"/>
  <testcase name="LoginWithInvalidData" time="5.135" classname="com.qa.TestCases.ManualLoginTest"/>
  <testcase name="LoginWithValidData" time="11.308" classname="com.qa.TestCases.ManualLoginTest"/>
  <testcase name="VerifyTheLogo" time="5.759" classname="com.qa.TestCases.ManualLoginTest"/>
</testsuite> <!-- com.qa.TestCases.ManualLoginTest -->
