<?xml version="1.0" encoding="UTF-8"?>
<!-- Generated by org.testng.reporters.JUnitReportReporter -->
<testsuite skipped="0" hostname="CHALAMA" name="com.qa.TestCases.RegistrationTest" tests="4" failures="0" timestamp="2021-02-16T11:24:54 IST" time="228.802" errors="0">
  <testcase name="LoginWithNonRegister_GeneralDetails" time="128.871" classname="com.qa.TestCases.RegistrationTest"/>
  <testcase name="Registration_FinancialDetails" time="88.635" classname="com.qa.TestCases.RegistrationTest"/>
  <testcase name="Registration_TermsACondtions" time="5.276" classname="com.qa.TestCases.RegistrationTest"/>
  <testcase name="Registration_Complete" time="6.020" classname="com.qa.TestCases.RegistrationTest"/>
</testsuite> <!-- com.qa.TestCases.RegistrationTest -->
